<?xml version="1.0" encoding="UTF-8"?>
<!-- Generated by org.testng.reporters.JUnitReportReporter -->
<testsuite hostname="DESKTOP-Q02RRK1" failures="0" tests="2" name="test.test_class" time="29.252" errors="0" timestamp="2020-04-14T12:44:53 IST" skipped="1">
  <testcase classname="test.test_class" name="test_shelf" time="29.252"/>
  <testcase classname="test.test_class" name="test_withpagedump">
    <skipped/>
  </testcase> <!-- test_withpagedump -->
</testsuite> <!-- test.test_class -->
